<?xml version="1.0" encoding="UTF-8"?>
<testsuite xmlns:xsi="http://www.w3.org/2001/XMLSchema-instance" xsi:noNamespaceSchemaLocation="https://maven.apache.org/surefire/maven-surefire-plugin/xsd/surefire-test-report-3.0.xsd" version="3.0" name="com.mulato.api.speedviolation.repository.ViolationRepositoryTest" time="0.022" tests="4" errors="0" skipped="0" failures="0">
  <properties>
[...]
</properties>
  <testcase name="shouldReturnEmptyListWhenNoViolationsExist" classname="com.mulato.api.speedviolation.repository.ViolationRepositoryTest" time="0.011"/>
  <testcase name="shouldSaveViolationForLicensePlate" classname="com.mulato.api.speedviolation.repository.ViolationRepositoryTest" time="0.006"/>
  <testcase name="shouldSaveMultipleViolationsForSameLicensePlate" classname="com.mulato.api.speedviolation.repository.ViolationRepositoryTest" time="0.001"/>
  <testcase name="shouldIsolateViolationsByDifferentLicensePlates" classname="com.mulato.api.speedviolation.repository.ViolationRepositoryTest" time="0.001"/>
</testsuite>